2024-12-13 06:03:48,325 [INFO] Starting training for resnet_variant_2
2024-12-13 06:03:48,325 [INFO] Configuration: experiments/multi_comparison/resnet_variant_2/config/test_hyperparams.yaml
2024-12-13 06:03:48,327 [INFO] Using device: mps
2024-12-13 06:03:50,466 [INFO] 
ResNet-18 Architecture:
2024-12-13 06:03:50,466 [INFO] --------------------------------------------------
2024-12-13 06:03:50,466 [INFO] Initial Conv Layer: 3 -> 64 channels
2024-12-13 06:03:50,466 [INFO] Layer1: 64 -> 64 channels, 2 blocks with SE
2024-12-13 06:03:50,466 [INFO] Layer2: 64 -> 128 channels, 2 blocks with SE
2024-12-13 06:03:50,466 [INFO] Layer3: 128 -> 256 channels, 2 blocks with SE
2024-12-13 06:03:50,466 [INFO] Layer4: 256 -> 512 channels, 2 blocks with SE
2024-12-13 06:03:50,466 [INFO] Global Average Pooling
2024-12-13 06:03:50,466 [INFO] Fully Connected: 512 -> 10 classes
2024-12-13 06:03:50,466 [INFO] --------------------------------------------------
2024-12-13 06:03:50,466 [INFO] Starting training loop
2024-12-13 06:08:03,005 [INFO] Epoch 1 - Train loss: 2.1829, acc: 0.2142, lr: 0.100000
2024-12-13 06:08:40,917 [INFO] Validation - Average loss: 1.7929, Accuracy: 39.04%
2024-12-13 06:09:01,729 [INFO] Saved checkpoint with accuracy 39.04%
2024-12-13 06:12:59,531 [INFO] Epoch 2 - Train loss: 1.8449, acc: 0.3645, lr: 0.100000
2024-12-13 06:13:32,506 [INFO] Validation - Average loss: 1.6358, Accuracy: 48.88%
2024-12-13 06:13:53,119 [INFO] Saved checkpoint with accuracy 48.88%
2024-12-13 06:17:55,684 [INFO] Epoch 3 - Train loss: 1.6179, acc: 0.4851, lr: 0.100000
