2024-12-13 06:03:48,325 [INFO] Starting training for resnet_variant_1
2024-12-13 06:03:48,325 [INFO] Configuration: experiments/multi_comparison/resnet_variant_1/config/test_hyperparams.yaml
2024-12-13 06:03:48,327 [INFO] Using device: mps
2024-12-13 06:03:50,471 [INFO] 
ResNet-18 Architecture:
2024-12-13 06:03:50,471 [INFO] --------------------------------------------------
2024-12-13 06:03:50,471 [INFO] Initial Conv Layer: 3 -> 64 channels
2024-12-13 06:03:50,471 [INFO] Layer1: 64 -> 64 channels, 2 blocks with SE
2024-12-13 06:03:50,471 [INFO] Layer2: 64 -> 128 channels, 2 blocks with SE
2024-12-13 06:03:50,471 [INFO] Layer3: 128 -> 256 channels, 2 blocks with SE
2024-12-13 06:03:50,471 [INFO] Layer4: 256 -> 512 channels, 2 blocks with SE
2024-12-13 06:03:50,471 [INFO] Global Average Pooling
2024-12-13 06:03:50,471 [INFO] Fully Connected: 512 -> 10 classes
2024-12-13 06:03:50,471 [INFO] --------------------------------------------------
2024-12-13 06:03:50,472 [INFO] Starting training loop
2024-12-13 06:06:24,105 [INFO] Epoch 1 - Train loss: 2.0584, acc: 0.2861, lr: 0.100000
2024-12-13 06:07:00,181 [INFO] Validation - Average loss: 1.8607, Accuracy: 40.64%
2024-12-13 06:07:25,931 [INFO] Saved checkpoint with accuracy 40.64%
2024-12-13 06:09:19,931 [INFO] Epoch 2 - Train loss: 1.7274, acc: 0.4670, lr: 0.075002
2024-12-13 06:09:55,369 [INFO] Validation - Average loss: 1.4706, Accuracy: 60.62%
2024-12-13 06:10:16,308 [INFO] Saved checkpoint with accuracy 60.62%
2024-12-13 06:12:52,401 [INFO] Epoch 3 - Train loss: 1.5317, acc: 0.5776, lr: 0.025008
2024-12-13 06:13:25,796 [INFO] Validation - Average loss: 1.3578, Accuracy: 68.18%
2024-12-13 06:13:46,066 [INFO] Saved checkpoint with accuracy 68.18%
2024-12-13 06:16:22,354 [INFO] Epoch 4 - Train loss: 1.4938, acc: 0.5978, lr: 0.000010
2024-12-13 06:16:58,445 [INFO] Validation - Average loss: 1.3303, Accuracy: 68.60%
2024-12-13 06:17:19,050 [INFO] Saved checkpoint with accuracy 68.60%
