2024-12-13 05:14:57,042 [INFO] Starting training for resnet_variant_3
2024-12-13 05:14:57,042 [INFO] Configuration: experiments/multi_comparison/resnet_variant_3/config/test_hyperparams.yaml
2024-12-13 05:14:57,043 [INFO] Using device: mps
2024-12-13 05:14:59,299 [INFO] 
ResNet-18 Architecture:
2024-12-13 05:14:59,299 [INFO] --------------------------------------------------
2024-12-13 05:14:59,299 [INFO] Initial Conv Layer: 3 -> 64 channels
2024-12-13 05:14:59,299 [INFO] Layer1: 64 -> 64 channels, 2 blocks with SE
2024-12-13 05:14:59,299 [INFO] Layer2: 64 -> 128 channels, 2 blocks with SE
2024-12-13 05:14:59,299 [INFO] Layer3: 128 -> 256 channels, 2 blocks with SE
2024-12-13 05:14:59,299 [INFO] Layer4: 256 -> 512 channels, 2 blocks with SE
2024-12-13 05:14:59,299 [INFO] Global Average Pooling
2024-12-13 05:14:59,299 [INFO] Fully Connected: 512 -> 10 classes
2024-12-13 05:14:59,299 [INFO] --------------------------------------------------
2024-12-13 05:14:59,300 [INFO] Starting training loop
2024-12-13 05:19:33,459 [INFO] Epoch 1 - Train loss: 2.0631, acc: 0.2663, lr: 0.100000
2024-12-13 05:20:18,010 [INFO] Validation - Average loss: 1.7663, Accuracy: 40.66%
2024-12-13 05:20:38,506 [INFO] Saved checkpoint with accuracy 40.66%
2024-12-13 05:24:33,518 [INFO] Epoch 2 - Train loss: 1.7003, acc: 0.4391, lr: 0.075002
2024-12-13 05:25:09,988 [INFO] Validation - Average loss: 1.4390, Accuracy: 57.68%
2024-12-13 05:25:30,277 [INFO] Saved checkpoint with accuracy 57.68%
2024-12-13 05:29:27,673 [INFO] Epoch 3 - Train loss: 1.4755, acc: 0.5577, lr: 0.025008
2024-12-13 05:30:04,255 [INFO] Validation - Average loss: 1.3204, Accuracy: 64.22%
2024-12-13 05:30:24,566 [INFO] Saved checkpoint with accuracy 64.22%
2024-12-13 05:33:55,469 [INFO] Epoch 4 - Train loss: 1.4310, acc: 0.5790, lr: 0.000010
2024-12-13 05:34:28,878 [INFO] Validation - Average loss: 1.2584, Accuracy: 66.60%
2024-12-13 05:34:49,280 [INFO] Saved checkpoint with accuracy 66.60%
2024-12-13 05:37:34,607 [INFO] Epoch 5 - Train loss: 1.4009, acc: 0.5920, lr: 0.025007
2024-12-13 05:38:08,337 [INFO] Validation - Average loss: 1.1972, Accuracy: 69.18%
2024-12-13 05:38:28,754 [INFO] Saved checkpoint with accuracy 69.18%
2024-12-13 05:38:41,499 [INFO] Test - Average loss: 1.2302, Accuracy: 67.72%
2024-12-13 05:39:01,508 [INFO] 
Training completed!
2024-12-13 05:39:01,509 [INFO] Total training time: 0.40 hours
2024-12-13 05:39:01,510 [INFO] Final test accuracy: 67.72%
