2024-12-13 06:48:50,987 [INFO] Starting training for resnet_variant_3
2024-12-13 06:48:50,987 [INFO] Configuration: experiments/multi_comparison/resnet_variant_3/config/test_hyperparams.yaml
2024-12-13 06:48:50,988 [INFO] Using device: mps
2024-12-13 06:48:52,822 [INFO] 
ResNet-18 Architecture:
2024-12-13 06:48:52,822 [INFO] --------------------------------------------------
2024-12-13 06:48:52,822 [INFO] Initial Conv Layer: 3 -> 64 channels
2024-12-13 06:48:52,822 [INFO] Layer1: 64 -> 64 channels, 2 blocks with SE
2024-12-13 06:48:52,822 [INFO] Layer2: 64 -> 128 channels, 2 blocks with SE
2024-12-13 06:48:52,822 [INFO] Layer3: 128 -> 256 channels, 2 blocks with SE
2024-12-13 06:48:52,822 [INFO] Layer4: 256 -> 512 channels, 2 blocks with SE
2024-12-13 06:48:52,822 [INFO] Global Average Pooling
2024-12-13 06:48:52,822 [INFO] Fully Connected: 512 -> 10 classes
2024-12-13 06:48:52,822 [INFO] --------------------------------------------------
2024-12-13 06:48:52,823 [INFO] Starting training loop
2024-12-13 06:52:46,887 [INFO] Epoch 1 - Train loss: 2.0631, acc: 0.2663, lr: 0.100000
2024-12-13 06:53:21,538 [INFO] Val - Average loss: 1.7663, Accuracy: 40.66%
2024-12-13 06:53:41,786 [INFO] Saved checkpoint with accuracy 40.66%
2024-12-13 06:53:56,364 [INFO] Test - Average loss: 1.7663, Accuracy: 39.79%
2024-12-13 06:54:16,376 [INFO] 
Training completed!
2024-12-13 06:54:16,376 [INFO] Total training time: 0.09 hours
2024-12-13 06:54:16,376 [INFO] Final test accuracy: 39.79%
