2024-12-13 06:03:50,196 [INFO] Starting training for resnet_variant_3
2024-12-13 06:03:50,196 [INFO] Configuration: experiments/multi_comparison/resnet_variant_3/config/test_hyperparams.yaml
2024-12-13 06:03:50,196 [INFO] Using device: mps
2024-12-13 06:03:52,193 [INFO] 
ResNet-18 Architecture:
2024-12-13 06:03:52,193 [INFO] --------------------------------------------------
2024-12-13 06:03:52,193 [INFO] Initial Conv Layer: 3 -> 64 channels
2024-12-13 06:03:52,193 [INFO] Layer1: 64 -> 64 channels, 2 blocks with SE
2024-12-13 06:03:52,193 [INFO] Layer2: 64 -> 128 channels, 2 blocks with SE
2024-12-13 06:03:52,193 [INFO] Layer3: 128 -> 256 channels, 2 blocks with SE
2024-12-13 06:03:52,193 [INFO] Layer4: 256 -> 512 channels, 2 blocks with SE
2024-12-13 06:03:52,193 [INFO] Global Average Pooling
2024-12-13 06:03:52,194 [INFO] Fully Connected: 512 -> 10 classes
2024-12-13 06:03:52,194 [INFO] --------------------------------------------------
2024-12-13 06:03:52,195 [INFO] Starting training loop
2024-12-13 06:07:56,666 [INFO] Epoch 1 - Train loss: 2.0631, acc: 0.2663, lr: 0.100000
2024-12-13 06:08:33,531 [INFO] Validation - Average loss: 1.7663, Accuracy: 40.66%
2024-12-13 06:08:54,173 [INFO] Saved checkpoint with accuracy 40.66%
2024-12-13 06:12:49,782 [INFO] Epoch 2 - Train loss: 1.7003, acc: 0.4391, lr: 0.075002
2024-12-13 06:13:23,362 [INFO] Validation - Average loss: 1.4390, Accuracy: 57.68%
2024-12-13 06:13:43,666 [INFO] Saved checkpoint with accuracy 57.68%
2024-12-13 06:17:30,058 [INFO] Epoch 3 - Train loss: 1.4755, acc: 0.5577, lr: 0.025008
2024-12-13 06:18:07,246 [INFO] Validation - Average loss: 1.3204, Accuracy: 64.22%
